<?xml version="1.0" encoding="UTF-8"?>
<testng-results skipped="1" failed="0" total="1" passed="0">
  <reporter-output>
  </reporter-output>
  <suite name="Suite" duration-ms="50611" started-at="2018-01-03T21:10:32Z" finished-at="2018-01-03T21:11:23Z">
    <groups>
    </groups>
    <test name="Test" duration-ms="50611" started-at="2018-01-03T21:10:32Z" finished-at="2018-01-03T21:11:23Z">
      <class name="example.NewTest">
        <test-method status="FAIL" signature="beforeTest()[pri:0, instance:example.NewTest@5c7fa833]" name="beforeTest" is-config="true" duration-ms="0" started-at="2018-01-03T16:10:32Z" finished-at="2018-01-03T16:10:32Z">
          <exception class="org.openqa.selenium.WebDriverException">
            <message>
              <![CDATA[Failed to connect to binary FirefoxBinary(C:\Program Files\Mozilla Firefox\firefox.exe) on port 7055; process output follows: 
	INFO	Mapping {972ce4c6-7e08-4474-a285-3208198ce6fd} to C:\Program Files\Mozilla Firefox\browser\extensions\{972ce4c6-7e08-4474-a285-3208198ce6fd}.xpi
1515013839994	addons.xpi	DEBUG	Existing add-on {972ce4c6-7e08-4474-a285-3208198ce6fd} in app-global
1515013839994	addons.xpi	DEBUG	getInstallState changed: false, state: {}
1515013840315	addons.xpi-utils	DEBUG	Async JSON file read took 0 MS
1515013840315	addons.xpi-utils	DEBUG	Finished async read of XPI database, parsing...
1515013840319	addons.xpi-utils	DEBUG	Successfully read XPI database
1515013841062	DeferredSave.webext.sc.lz4	DEBUG	Save changes
1515013841063	DeferredSave.webext.sc.lz4	DEBUG	Starting timer
1515013841085	DeferredSave.webext.sc.lz4	DEBUG	Save changes
1515013841100	DeferredSave.webext.sc.lz4	DEBUG	Save changes
1515013841101	DeferredSave.webext.sc.lz4	DEBUG	Save changes
1515013841101	DeferredSave.webext.sc.lz4	DEBUG	Save changes
1515013841102	DeferredSave.webext.sc.lz4	DEBUG	Save changes
1515013841103	DeferredSave.webext.sc.lz4	DEBUG	Save changes
1515013841105	DeferredSave.webext.sc.lz4	DEBUG	Save changes
1515013841105	DeferredSave.webext.sc.lz4	DEBUG	Save changes
1515013841106	DeferredSave.webext.sc.lz4	DEBUG	Save changes
1515013841107	DeferredSave.webext.sc.lz4	DEBUG	Save changes
1515013841108	DeferredSave.webext.sc.lz4	DEBUG	Save changes
1515013841109	DeferredSave.webext.sc.lz4	DEBUG	Save changes
1515013841110	DeferredSave.webext.sc.lz4	DEBUG	Save changes
1515013841111	DeferredSave.webext.sc.lz4	DEBUG	Save changes
1515013841112	DeferredSave.webext.sc.lz4	DEBUG	Save changes
1515013841113	DeferredSave.webext.sc.lz4	DEBUG	Save changes
1515013841113	DeferredSave.webext.sc.lz4	DEBUG	Save changes
1515013841115	DeferredSave.webext.sc.lz4	DEBUG	Save changes
1515013841115	DeferredSave.webext.sc.lz4	DEBUG	Save changes
1515013841116	DeferredSave.webext.sc.lz4	DEBUG	Save changes
1515013841117	DeferredSave.webext.sc.lz4	DEBUG	Save changes
1515013841117	DeferredSave.webext.sc.lz4	DEBUG	Save changes
1515013841118	DeferredSave.webext.sc.lz4	DEBUG	Save changes
1515013841122	DeferredSave.webext.sc.lz4	DEBUG	Save changes
1515013841122	DeferredSave.webext.sc.lz4	DEBUG	Save changes
1515013841124	DeferredSave.webext.sc.lz4	DEBUG	Save changes
1515013841125	DeferredSave.webext.sc.lz4	DEBUG	Save changes
1515013841125	DeferredSave.webext.sc.lz4	DEBUG	Save changes
1515013841126	DeferredSave.webext.sc.lz4	DEBUG	Save changes
1515013841126	DeferredSave.webext.sc.lz4	DEBUG	Save changes
1515013841127	DeferredSave.webext.sc.lz4	DEBUG	Save changes
1515013841128	DeferredSave.webext.sc.lz4	DEBUG	Save changes
1515013841129	DeferredSave.webext.sc.lz4	DEBUG	Save changes
1515013841130	DeferredSave.webext.sc.lz4	DEBUG	Save changes
1515013841131	DeferredSave.webext.sc.lz4	DEBUG	Save changes
1515013841131	DeferredSave.webext.sc.lz4	DEBUG	Save changes
1515013841132	DeferredSave.webext.sc.lz4	DEBUG	Save changes
1515013841133	DeferredSave.webext.sc.lz4	DEBUG	Save changes
1515013841134	DeferredSave.webext.sc.lz4	DEBUG	Save changes
1515013841134	DeferredSave.webext.sc.lz4	DEBUG	Save changes
1515013841135	DeferredSave.webext.sc.lz4	DEBUG	Save changes
1515013841135	DeferredSave.webext.sc.lz4	DEBUG	Save changes
1515013841137	DeferredSave.webext.sc.lz4	DEBUG	Save changes
1515013841138	DeferredSave.webext.sc.lz4	DEBUG	Save changes
1515013841139	DeferredSave.webext.sc.lz4	DEBUG	Save changes
1515013841141	DeferredSave.webext.sc.lz4	DEBUG	Save changes
1515013841142	DeferredSave.webext.sc.lz4	DEBUG	Save changes
1515013841143	DeferredSave.webext.sc.lz4	DEBUG	Save changes
1515013841145	DeferredSave.webext.sc.lz4	DEBUG	Save changes
1515013841145	DeferredSave.webext.sc.lz4	DEBUG	Save changes
1515013841147	DeferredSave.webext.sc.lz4	DEBUG	Save changes
1515013841151	DeferredSave.webext.sc.lz4	DEBUG	Save changes
1515013841198	DeferredSave.webext.sc.lz4	DEBUG	Save changes
1515013841198	DeferredSave.webext.sc.lz4	DEBUG	Save changes
1515013846066	DeferredSave.webext.sc.lz4	DEBUG	Starting write
1515013846070	DeferredSave.webext.sc.lz4	DEBUG	Write succeeded

Build info: version: '2.45.0', revision: '5017cb8e7ca8e37638dc3091b2440b90a1d8686f', time: '2015-02-27 09:10:26'
System info: host: 'Maksud-pc', ip: '172.28.128.1', os.name: 'Windows 10', os.arch: 'amd64', os.version: '10.0', java.version: '1.8.0_144'
Driver info: driver.version: FirefoxDriver]]>
            </message>
            <full-stacktrace>
              <![CDATA[org.openqa.selenium.WebDriverException: Failed to connect to binary FirefoxBinary(C:\Program Files\Mozilla Firefox\firefox.exe) on port 7055; process output follows: 
	INFO	Mapping {972ce4c6-7e08-4474-a285-3208198ce6fd} to C:\Program Files\Mozilla Firefox\browser\extensions\{972ce4c6-7e08-4474-a285-3208198ce6fd}.xpi
1515013839994	addons.xpi	DEBUG	Existing add-on {972ce4c6-7e08-4474-a285-3208198ce6fd} in app-global
1515013839994	addons.xpi	DEBUG	getInstallState changed: false, state: {}
1515013840315	addons.xpi-utils	DEBUG	Async JSON file read took 0 MS
1515013840315	addons.xpi-utils	DEBUG	Finished async read of XPI database, parsing...
1515013840319	addons.xpi-utils	DEBUG	Successfully read XPI database
1515013841062	DeferredSave.webext.sc.lz4	DEBUG	Save changes
1515013841063	DeferredSave.webext.sc.lz4	DEBUG	Starting timer
1515013841085	DeferredSave.webext.sc.lz4	DEBUG	Save changes
1515013841100	DeferredSave.webext.sc.lz4	DEBUG	Save changes
1515013841101	DeferredSave.webext.sc.lz4	DEBUG	Save changes
1515013841101	DeferredSave.webext.sc.lz4	DEBUG	Save changes
1515013841102	DeferredSave.webext.sc.lz4	DEBUG	Save changes
1515013841103	DeferredSave.webext.sc.lz4	DEBUG	Save changes
1515013841105	DeferredSave.webext.sc.lz4	DEBUG	Save changes
1515013841105	DeferredSave.webext.sc.lz4	DEBUG	Save changes
1515013841106	DeferredSave.webext.sc.lz4	DEBUG	Save changes
1515013841107	DeferredSave.webext.sc.lz4	DEBUG	Save changes
1515013841108	DeferredSave.webext.sc.lz4	DEBUG	Save changes
1515013841109	DeferredSave.webext.sc.lz4	DEBUG	Save changes
1515013841110	DeferredSave.webext.sc.lz4	DEBUG	Save changes
1515013841111	DeferredSave.webext.sc.lz4	DEBUG	Save changes
1515013841112	DeferredSave.webext.sc.lz4	DEBUG	Save changes
1515013841113	DeferredSave.webext.sc.lz4	DEBUG	Save changes
1515013841113	DeferredSave.webext.sc.lz4	DEBUG	Save changes
1515013841115	DeferredSave.webext.sc.lz4	DEBUG	Save changes
1515013841115	DeferredSave.webext.sc.lz4	DEBUG	Save changes
1515013841116	DeferredSave.webext.sc.lz4	DEBUG	Save changes
1515013841117	DeferredSave.webext.sc.lz4	DEBUG	Save changes
1515013841117	DeferredSave.webext.sc.lz4	DEBUG	Save changes
1515013841118	DeferredSave.webext.sc.lz4	DEBUG	Save changes
1515013841122	DeferredSave.webext.sc.lz4	DEBUG	Save changes
1515013841122	DeferredSave.webext.sc.lz4	DEBUG	Save changes
1515013841124	DeferredSave.webext.sc.lz4	DEBUG	Save changes
1515013841125	DeferredSave.webext.sc.lz4	DEBUG	Save changes
1515013841125	DeferredSave.webext.sc.lz4	DEBUG	Save changes
1515013841126	DeferredSave.webext.sc.lz4	DEBUG	Save changes
1515013841126	DeferredSave.webext.sc.lz4	DEBUG	Save changes
1515013841127	DeferredSave.webext.sc.lz4	DEBUG	Save changes
1515013841128	DeferredSave.webext.sc.lz4	DEBUG	Save changes
1515013841129	DeferredSave.webext.sc.lz4	DEBUG	Save changes
1515013841130	DeferredSave.webext.sc.lz4	DEBUG	Save changes
1515013841131	DeferredSave.webext.sc.lz4	DEBUG	Save changes
1515013841131	DeferredSave.webext.sc.lz4	DEBUG	Save changes
1515013841132	DeferredSave.webext.sc.lz4	DEBUG	Save changes
1515013841133	DeferredSave.webext.sc.lz4	DEBUG	Save changes
1515013841134	DeferredSave.webext.sc.lz4	DEBUG	Save changes
1515013841134	DeferredSave.webext.sc.lz4	DEBUG	Save changes
1515013841135	DeferredSave.webext.sc.lz4	DEBUG	Save changes
1515013841135	DeferredSave.webext.sc.lz4	DEBUG	Save changes
1515013841137	DeferredSave.webext.sc.lz4	DEBUG	Save changes
1515013841138	DeferredSave.webext.sc.lz4	DEBUG	Save changes
1515013841139	DeferredSave.webext.sc.lz4	DEBUG	Save changes
1515013841141	DeferredSave.webext.sc.lz4	DEBUG	Save changes
1515013841142	DeferredSave.webext.sc.lz4	DEBUG	Save changes
1515013841143	DeferredSave.webext.sc.lz4	DEBUG	Save changes
1515013841145	DeferredSave.webext.sc.lz4	DEBUG	Save changes
1515013841145	DeferredSave.webext.sc.lz4	DEBUG	Save changes
1515013841147	DeferredSave.webext.sc.lz4	DEBUG	Save changes
1515013841151	DeferredSave.webext.sc.lz4	DEBUG	Save changes
1515013841198	DeferredSave.webext.sc.lz4	DEBUG	Save changes
1515013841198	DeferredSave.webext.sc.lz4	DEBUG	Save changes
1515013846066	DeferredSave.webext.sc.lz4	DEBUG	Starting write
1515013846070	DeferredSave.webext.sc.lz4	DEBUG	Write succeeded

Build info: version: '2.45.0', revision: '5017cb8e7ca8e37638dc3091b2440b90a1d8686f', time: '2015-02-27 09:10:26'
System info: host: 'Maksud-pc', ip: '172.28.128.1', os.name: 'Windows 10', os.arch: 'amd64', os.version: '10.0', java.version: '1.8.0_144'
Driver info: driver.version: FirefoxDriver
	at org.openqa.selenium.firefox.internal.NewProfileExtensionConnection.start(NewProfileExtensionConnection.java:130)
	at org.openqa.selenium.firefox.FirefoxDriver.startClient(FirefoxDriver.java:246)
	at org.openqa.selenium.remote.RemoteWebDriver.<init>(RemoteWebDriver.java:114)
	at org.openqa.selenium.firefox.FirefoxDriver.<init>(FirefoxDriver.java:191)
	at org.openqa.selenium.firefox.FirefoxDriver.<init>(FirefoxDriver.java:186)
	at org.openqa.selenium.firefox.FirefoxDriver.<init>(FirefoxDriver.java:182)
	at org.openqa.selenium.firefox.FirefoxDriver.<init>(FirefoxDriver.java:95)
	at example.NewTest.beforeTest(NewTest.java:22)
	at sun.reflect.NativeMethodAccessorImpl.invoke0(Native Method)
	at sun.reflect.NativeMethodAccessorImpl.invoke(NativeMethodAccessorImpl.java:62)
	at sun.reflect.DelegatingMethodAccessorImpl.invoke(DelegatingMethodAccessorImpl.java:43)
	at java.lang.reflect.Method.invoke(Method.java:498)
	at org.testng.internal.MethodInvocationHelper.invokeMethod(MethodInvocationHelper.java:80)
	at org.testng.internal.Invoker.invokeConfigurationMethod(Invoker.java:564)
	at org.testng.internal.Invoker.invokeConfigurations(Invoker.java:213)
	at org.testng.internal.Invoker.invokeConfigurations(Invoker.java:138)
	at org.testng.TestRunner.beforeRun(TestRunner.java:641)
	at org.testng.TestRunner.run(TestRunner.java:609)
	at org.testng.SuiteRunner.runTest(SuiteRunner.java:334)
	at org.testng.SuiteRunner.runSequentially(SuiteRunner.java:329)
	at org.testng.SuiteRunner.privateRun(SuiteRunner.java:291)
	at org.testng.SuiteRunner.run(SuiteRunner.java:240)
	at org.testng.SuiteRunnerWorker.runSuite(SuiteRunnerWorker.java:52)
	at org.testng.SuiteRunnerWorker.run(SuiteRunnerWorker.java:86)
	at org.testng.TestNG.runSuitesSequentially(TestNG.java:1198)
	at org.testng.TestNG.runSuitesLocally(TestNG.java:1123)
	at org.testng.TestNG.run(TestNG.java:1031)
	at org.testng.remote.AbstractRemoteTestNG.run(AbstractRemoteTestNG.java:114)
	at org.testng.remote.RemoteTestNG.initAndRun(RemoteTestNG.java:251)
	at org.testng.remote.RemoteTestNG.main(RemoteTestNG.java:77)
Caused by: org.openqa.selenium.firefox.NotConnectedException: Unable to connect to host 127.0.0.1 on port 7055 after 45000 ms. Firefox console output:
	INFO	Mapping {972ce4c6-7e08-4474-a285-3208198ce6fd} to C:\Program Files\Mozilla Firefox\browser\extensions\{972ce4c6-7e08-4474-a285-3208198ce6fd}.xpi
1515013839994	addons.xpi	DEBUG	Existing add-on {972ce4c6-7e08-4474-a285-3208198ce6fd} in app-global
1515013839994	addons.xpi	DEBUG	getInstallState changed: false, state: {}
1515013840315	addons.xpi-utils	DEBUG	Async JSON file read took 0 MS
1515013840315	addons.xpi-utils	DEBUG	Finished async read of XPI database, parsing...
1515013840319	addons.xpi-utils	DEBUG	Successfully read XPI database
1515013841062	DeferredSave.webext.sc.lz4	DEBUG	Save changes
1515013841063	DeferredSave.webext.sc.lz4	DEBUG	Starting timer
1515013841085	DeferredSave.webext.sc.lz4	DEBUG	Save changes
1515013841100	DeferredSave.webext.sc.lz4	DEBUG	Save changes
1515013841101	DeferredSave.webext.sc.lz4	DEBUG	Save changes
1515013841101	DeferredSave.webext.sc.lz4	DEBUG	Save changes
1515013841102	DeferredSave.webext.sc.lz4	DEBUG	Save changes
1515013841103	DeferredSave.webext.sc.lz4	DEBUG	Save changes
1515013841105	DeferredSave.webext.sc.lz4	DEBUG	Save changes
1515013841105	DeferredSave.webext.sc.lz4	DEBUG	Save changes
1515013841106	DeferredSave.webext.sc.lz4	DEBUG	Save changes
1515013841107	DeferredSave.webext.sc.lz4	DEBUG	Save changes
1515013841108	DeferredSave.webext.sc.lz4	DEBUG	Save changes
1515013841109	DeferredSave.webext.sc.lz4	DEBUG	Save changes
1515013841110	DeferredSave.webext.sc.lz4	DEBUG	Save changes
1515013841111	DeferredSave.webext.sc.lz4	DEBUG	Save changes
1515013841112	DeferredSave.webext.sc.lz4	DEBUG	Save changes
1515013841113	DeferredSave.webext.sc.lz4	DEBUG	Save changes
1515013841113	DeferredSave.webext.sc.lz4	DEBUG	Save changes
1515013841115	DeferredSave.webext.sc.lz4	DEBUG	Save changes
1515013841115	DeferredSave.webext.sc.lz4	DEBUG	Save changes
1515013841116	DeferredSave.webext.sc.lz4	DEBUG	Save changes
1515013841117	DeferredSave.webext.sc.lz4	DEBUG	Save changes
1515013841117	DeferredSave.webext.sc.lz4	DEBUG	Save changes
1515013841118	DeferredSave.webext.sc.lz4	DEBUG	Save changes
1515013841122	DeferredSave.webext.sc.lz4	DEBUG	Save changes
1515013841122	DeferredSave.webext.sc.lz4	DEBUG	Save changes
1515013841124	DeferredSave.webext.sc.lz4	DEBUG	Save changes
1515013841125	DeferredSave.webext.sc.lz4	DEBUG	Save changes
1515013841125	DeferredSave.webext.sc.lz4	DEBUG	Save changes
1515013841126	DeferredSave.webext.sc.lz4	DEBUG	Save changes
1515013841126	DeferredSave.webext.sc.lz4	DEBUG	Save changes
1515013841127	DeferredSave.webext.sc.lz4	DEBUG	Save changes
1515013841128	DeferredSave.webext.sc.lz4	DEBUG	Save changes
1515013841129	DeferredSave.webext.sc.lz4	DEBUG	Save changes
1515013841130	DeferredSave.webext.sc.lz4	DEBUG	Save changes
1515013841131	DeferredSave.webext.sc.lz4	DEBUG	Save changes
1515013841131	DeferredSave.webext.sc.lz4	DEBUG	Save changes
1515013841132	DeferredSave.webext.sc.lz4	DEBUG	Save changes
1515013841133	DeferredSave.webext.sc.lz4	DEBUG	Save changes
1515013841134	DeferredSave.webext.sc.lz4	DEBUG	Save changes
1515013841134	DeferredSave.webext.sc.lz4	DEBUG	Save changes
1515013841135	DeferredSave.webext.sc.lz4	DEBUG	Save changes
1515013841135	DeferredSave.webext.sc.lz4	DEBUG	Save changes
1515013841137	DeferredSave.webext.sc.lz4	DEBUG	Save changes
1515013841138	DeferredSave.webext.sc.lz4	DEBUG	Save changes
1515013841139	DeferredSave.webext.sc.lz4	DEBUG	Save changes
1515013841141	DeferredSave.webext.sc.lz4	DEBUG	Save changes
1515013841142	DeferredSave.webext.sc.lz4	DEBUG	Save changes
1515013841143	DeferredSave.webext.sc.lz4	DEBUG	Save changes
1515013841145	DeferredSave.webext.sc.lz4	DEBUG	Save changes
1515013841145	DeferredSave.webext.sc.lz4	DEBUG	Save changes
1515013841147	DeferredSave.webext.sc.lz4	DEBUG	Save changes
1515013841151	DeferredSave.webext.sc.lz4	DEBUG	Save changes
1515013841198	DeferredSave.webext.sc.lz4	DEBUG	Save changes
1515013841198	DeferredSave.webext.sc.lz4	DEBUG	Save changes
1515013846066	DeferredSave.webext.sc.lz4	DEBUG	Starting write
1515013846070	DeferredSave.webext.sc.lz4	DEBUG	Write succeeded

	at org.openqa.selenium.firefox.internal.NewProfileExtensionConnection.start(NewProfileExtensionConnection.java:118)
	... 29 more
]]>
            </full-stacktrace>
          </exception> <!-- org.openqa.selenium.WebDriverException -->
          <reporter-output>
          </reporter-output>
        </test-method> <!-- beforeTest -->
        <test-method status="SKIP" signature="testEasy()[pri:0, instance:example.NewTest@5c7fa833]" name="testEasy" duration-ms="2" started-at="2018-01-03T16:11:23Z" finished-at="2018-01-03T16:11:23Z">
          <reporter-output>
          </reporter-output>
        </test-method> <!-- testEasy -->
        <test-method status="SKIP" signature="afterTest()[pri:0, instance:example.NewTest@5c7fa833]" name="afterTest" is-config="true" duration-ms="0" started-at="2018-01-03T16:11:23Z" finished-at="2018-01-03T16:11:23Z">
          <reporter-output>
          </reporter-output>
        </test-method> <!-- afterTest -->
      </class> <!-- example.NewTest -->
    </test> <!-- Test -->
  </suite> <!-- Suite -->
</testng-results>
